0 info it worked if it ends with ok
1 verbose cli [ 'c:\\Program Files\\nodejs\\node.exe',
1 verbose cli   'c:\\Program Files\\nodejs\\node_modules\\npm\\bin\\npm-cli.js',
1 verbose cli   'run',
1 verbose cli   'jade' ]
2 info using npm@2.10.1
3 info using node@v0.12.4
4 verbose run-script [ 'prejade', 'jade', 'postjade' ]
5 info prejade @
6 info jade @
7 verbose unsafe-perm in lifecycle true
8 info @ Failed to exec jade script
9 verbose stack Error: @ jade: `jade -w -p lib/*.jade -o ./public`
9 verbose stack Exit status 1
9 verbose stack     at EventEmitter.<anonymous> (c:\Program Files\nodejs\node_modules\npm\lib\utils\lifecycle.js:213:16)
9 verbose stack     at EventEmitter.emit (events.js:110:17)
9 verbose stack     at ChildProcess.<anonymous> (c:\Program Files\nodejs\node_modules\npm\lib\utils\spawn.js:24:14)
9 verbose stack     at ChildProcess.emit (events.js:110:17)
9 verbose stack     at maybeClose (child_process.js:1015:16)
9 verbose stack     at Process.ChildProcess._handle.onexit (child_process.js:1087:5)
10 verbose pkgid @
11 verbose cwd c:\wamp\www\frontEnd2015\marvel-game-card\public
12 error Windows_NT 6.3.9600
13 error argv "c:\\Program Files\\nodejs\\node.exe" "c:\\Program Files\\nodejs\\node_modules\\npm\\bin\\npm-cli.js" "run" "jade"
14 error node v0.12.4
15 error npm  v2.10.1
16 error code ELIFECYCLE
17 error @ jade: `jade -w -p lib/*.jade -o ./public`
17 error Exit status 1
18 error Failed at the @ jade script 'jade -w -p lib/*.jade -o ./public'.
18 error This is most likely a problem with the  package,
18 error not with npm itself.
18 error Tell the author that this fails on your system:
18 error     jade -w -p lib/*.jade -o ./public
18 error You can get their info via:
18 error     npm owner ls
18 error There is likely additional logging output above.
19 verbose exit [ 1, true ]
